[2023-05-24 21:57:40,062][   train_val.py][line:  63][    INFO] args: Namespace(config='./config.yaml', evaluate=False, local_rank='0', train_only_four_decoder=False)
[2023-05-24 21:57:40,067][   train_val.py][line:  64][    INFO] config: {'criterion': [{'kwargs': {'weight': 1.0},
                'name': 'FeatureMSELoss',
                'type': 'FeatureMSELoss'}],
 'dataset': {'batch_size': 16,
             'image_reader': {'kwargs': {'color_mode': 'RGB',
                                         'image_dir': '../../data/MVTec-AD/mvtec_anomaly_detection/'},
                              'type': 'opencv'},
             'input_size': [224, 224],
             'pixel_mean': [0.485, 0.456, 0.406],
             'pixel_std': [0.229, 0.224, 0.225],
             'test': {'meta_file': '../../data/MVTec-AD/test.json'},
             'train': {'hflip': False,
                       'meta_file': '../../data/MVTec-AD/train.json',
                       'rebalance': False,
                       'rotate': False,
                       'vflip': False},
             'type': 'custom',
             'workers': 4},
 'evaluator': {'eval_dir': './result_eval_temp',
               'key_metric': 'mean_max_auc',
               'metrics': {'auc': [{'name': 'std'},
                                   {'kwargs': {'avgpool_size': [16, 16]},
                                    'name': 'max'},
                                   {'name': 'pixel'}]},
               'save_dir': 'result_eval_temp',
               'vis_compound': {'max_score': None,
                                'min_score': None,
                                'save_dir': 'checkpoints/HVQ_TR_switch/vis_compound_HVQ_TR_switch/visual'}},
 'exp_path': '.',
 'frozen_layers': ['backbone'],
 'log_path': './log/',
 'net': [{'frozen': True,
          'kwargs': {'outlayers': [1, 2, 3, 4], 'pretrained': True},
          'name': 'backbone',
          'type': 'models.backbones.efficientnet_b4'},
         {'kwargs': {'outstrides': [16]},
          'name': 'neck',
          'prev': 'backbone',
          'type': 'models.necks.MFCN'},
         {'kwargs': {'activation': 'relu',
                     'dim_feedforward': 1024,
                     'dropout': 0.1,
                     'feature_jitter': {'prob': 1.0, 'scale': 20.0},
                     'hidden_dim': 256,
                     'initializer': {'method': 'xavier_uniform'},
                     'neighbor_mask': {'mask': [True, True, True],
                                       'neighbor_size': [7, 7]},
                     'nhead': 8,
                     'normalize_before': False,
                     'num_decoder_layers': 4,
                     'num_encoder_layers': 4,
                     'pos_embed_type': 'learned',
                     'save_recon': {'save_dir': 'result_recon'}},
          'name': 'reconstruction',
          'prev': 'neck',
          'type': 'models.reconstructions.HVQ_TR_switch'}],
 'port': 11111,
 'random_seed': 133,
 'save_path': './checkpoints/HVQ_TR_switch',
 'saver': {'always_save': False,
           'auto_resume': False,
           'load_path': 'checkpoints',
           'log_dir': 'log/',
           'save_dir': 'checkpoints/HVQ_TR_switch'},
 'trainer': {'clip_max_norm': 0.1,
             'lr_scheduler': {'kwargs': {'gamma': 0.1, 'step_size': 800},
                              'type': 'StepLR'},
             'max_epoch': 1000,
             'optimizer': {'kwargs': {'betas': [0.9, 0.999],
                                      'lr': 0.0001,
                                      'weight_decay': 0.0001},
                           'type': 'AdamW'},
             'print_freq_step': 80,
             'tb_freq_step': 1,
             'val_freq_epoch': 10},
 'version': 'v1.0.0'}
[2023-05-24 21:57:40,755][       utils.py][line: 719][    INFO]  not exist, load from https://github.com/lukemelas/EfficientNet-PyTorch/releases/download/1.0/efficientnet-b4-6ed6700e.pth
[2023-05-24 21:57:40,920][       utils.py][line: 740][    INFO] Loaded ImageNet pretrained efficientnet-b4
[2023-05-24 21:57:44,931][   train_val.py][line:  90][    INFO] layers: ['backbone', 'neck', 'reconstruction']
[2023-05-24 21:57:44,931][   train_val.py][line:  91][    INFO] active layers: ['neck', 'reconstruction']
[2023-05-24 21:57:44,934][custom_dataset.py][line:  38][    INFO] building CustomDataset from: ../../data/MVTec-AD/train.json
[2023-05-24 21:57:44,947][custom_dataset.py][line:  38][    INFO] building CustomDataset from: ../../data/MVTec-AD/test.json
[2023-05-24 21:57:47,473][   train_val.py][line: 219][    INFO] Epoch: [1/1000]	Iter: [1/114000]	Time 2.52 (2.52)	Data 1.29 (1.29)	Loss 46.80585 (46.80585)	LR 0.00010	
[2023-05-24 21:58:10,505][   train_val.py][line: 219][    INFO] Epoch: [1/1000]	Iter: [81/114000]	Time 0.30 (0.29)	Data 0.00 (0.00)	Loss 34.97353 (36.07396)	LR 0.00010	
[2023-05-24 21:58:27,553][   train_val.py][line: 275][    INFO] Test: [100/863]	Time 0.053 (0.073)
[2023-05-24 21:58:33,049][   train_val.py][line: 275][    INFO] Test: [200/863]	Time 0.041 (0.064)
[2023-05-24 21:58:38,498][   train_val.py][line: 275][    INFO] Test: [300/863]	Time 0.062 (0.061)
